This is pdfTeX, Version 3.1415926-2.3-1.40.12 (TeX Live 2011) (format=pdflatex 2011.7.3)  12 MAR 2014 14:28
entering extended mode
 restricted \write18 enabled.
 %&-line parsing enabled.
**thesis.tex
(./thesis.tex
LaTeX2e <2009/09/24>
Babel <v3.8l> and hyphenation patterns for english, dumylang, nohyphenation, ge
rman-x-2009-06-19, ngerman-x-2009-06-19, afrikaans, ancientgreek, ibycus, arabi
c, armenian, basque, bulgarian, catalan, pinyin, coptic, croatian, czech, danis
h, dutch, ukenglish, usenglishmax, esperanto, estonian, ethiopic, farsi, finnis
h, french, galician, german, ngerman, swissgerman, monogreek, greek, hungarian,
 icelandic, assamese, bengali, gujarati, hindi, kannada, malayalam, marathi, or
iya, panjabi, tamil, telugu, indonesian, interlingua, irish, italian, kurmanji,
 lao, latin, latvian, lithuanian, mongolian, mongolianlmc, bokmal, nynorsk, pol
ish, portuguese, romanian, russian, sanskrit, serbian, serbianc, slovak, sloven
ian, spanish, swedish, turkish, turkmen, ukrainian, uppersorbian, welsh, loaded
.
(./ce.cls
Document Class: ce 1995/03/31 v2.0W Cardit LaTeX document class
(/usr/local/texlive/2011/texmf-dist/tex/latex/base/size11.clo
File: size11.clo 2007/10/19 v1.4h Standard LaTeX file (size option)
)
\c@part=\count79
\c@chapter=\count80
\c@section=\count81
\c@subsection=\count82
\c@subsubsection=\count83
\c@paragraph=\count84
\c@subparagraph=\count85
\chapterskip=\skip41
\orgchapterskip=\skip42
\schapterheadskip=\skip43
\c@figure=\count86
\c@table=\count87
\abovecaptionskip=\skip44
\belowcaptionskip=\skip45
\bibindent=\dimen102
\c@corollary=\count88
\c@definition=\count89
\c@lemma=\count90
\c@remark=\count91
\c@property=\count92
\c@theorem=\count93
\c@example=\count94
)
(/usr/local/texlive/2011/texmf-dist/tex/latex/graphics/graphicx.sty
Package: graphicx 1999/02/16 v1.0f Enhanced LaTeX Graphics (DPC,SPQR)

(/usr/local/texlive/2011/texmf-dist/tex/latex/graphics/keyval.sty
Package: keyval 1999/03/16 v1.13 key=value parser (DPC)
\KV@toks@=\toks14
)
(/usr/local/texlive/2011/texmf-dist/tex/latex/graphics/graphics.sty
Package: graphics 2009/02/05 v1.0o Standard LaTeX Graphics (DPC,SPQR)

(/usr/local/texlive/2011/texmf-dist/tex/latex/graphics/trig.sty
Package: trig 1999/03/16 v1.09 sin cos tan (DPC)
)
(/usr/local/texlive/2011/texmf-dist/tex/latex/latexconfig/graphics.cfg
File: graphics.cfg 2010/04/23 v1.9 graphics configuration of TeX Live
)
Package graphics Info: Driver file: pdftex.def on input line 91.

(/usr/local/texlive/2011/texmf-dist/tex/latex/pdftex-def/pdftex.def
File: pdftex.def 2011/05/27 v0.06d Graphics/color for pdfTeX

(/usr/local/texlive/2011/texmf-dist/tex/generic/oberdiek/infwarerr.sty
Package: infwarerr 2010/04/08 v1.3 Providing info/warning/message (HO)
)
(/usr/local/texlive/2011/texmf-dist/tex/generic/oberdiek/ltxcmds.sty
Package: ltxcmds 2011/04/18 v1.20 LaTeX kernel commands for general use (HO)
)
\Gread@gobject=\count95
))
\Gin@req@height=\dimen103
\Gin@req@width=\dimen104
)
(./wrapfig.sty
\wrapoverhang=\dimen105
\WF@size=\dimen106
\c@WF@wrappedlines=\count96
\WF@box=\box26
\WF@everypar=\toks15
Package: wrapfig 2003/01/31  v 3.6
)
(/usr/local/texlive/2011/texmf-dist/tex/latex/graphics/color.sty
Package: color 2005/11/14 v1.0j Standard LaTeX Color (DPC)

(/usr/local/texlive/2011/texmf-dist/tex/latex/latexconfig/color.cfg
File: color.cfg 2007/01/18 v1.5 color configuration of teTeX/TeXLive
)
Package color Info: Driver file: pdftex.def on input line 130.
)
(./acronym.sty
Package: acronym 2010/09/08 v1.36 Support for acronyms (Tobias Oetiker)
 (/usr/local/texlive/2011/texmf-dist/tex/latex/bigfoot/suffix.sty
Package: suffix 2006/07/15 1.5 Variant command support
)
\AC@clearlist=\toks16
) (/usr/local/texlive/2011/texmf-dist/tex/latex/hyperref/hyperref.sty
Package: hyperref 2011/04/17 v6.82g Hypertext links for LaTeX

(/usr/local/texlive/2011/texmf-dist/tex/generic/oberdiek/hobsub-hyperref.sty
Package: hobsub-hyperref 2011/04/23 v1.4 Bundle oberdiek, subset hyperref (HO)

(/usr/local/texlive/2011/texmf-dist/tex/generic/oberdiek/hobsub-generic.sty
Package: hobsub-generic 2011/04/23 v1.4 Bundle oberdiek, subset generic (HO)
Package: hobsub 2011/04/23 v1.4 Subsetting bundle oberdiek (HO)
Package hobsub Info: Skipping package `infwarerr' (already loaded).
Package hobsub Info: Skipping package `ltxcmds' (already loaded).
Package: ifluatex 2010/03/01 v1.3 Provides the ifluatex switch (HO)
Package ifluatex Info: LuaTeX not detected.
Package: ifvtex 2010/03/01 v1.5 Switches for detecting VTeX and its modes (HO)
Package ifvtex Info: VTeX not detected.
Package: intcalc 2007/09/27 v1.1 Expandable integer calculations (HO)
Package: ifpdf 2011/01/30 v2.3 Provides the ifpdf switch (HO)
Package ifpdf Info: pdfTeX in PDF mode is detected.
Package: etexcmds 2011/02/16 v1.5 Prefix for e-TeX command names (HO)
Package etexcmds Info: Could not find \expanded.
(etexcmds)             That can mean that you are not using pdfTeX 1.50 or
(etexcmds)             that some package has redefined \expanded.
(etexcmds)             In the latter case, load this package earlier.
Package: kvsetkeys 2011/04/07 v1.13 Key value parser (HO)
Package: kvdefinekeys 2011/04/07 v1.3 Defining keys (HO)
Package: pdftexcmds 2011/04/22 v0.16 Utilities of pdfTeX for LuaTeX (HO)
Package pdftexcmds Info: LuaTeX not detected.
Package pdftexcmds Info: \pdf@primitive is available.
Package pdftexcmds Info: \pdf@ifprimitive is available.
Package pdftexcmds Info: \pdfdraftmode found.
Package: pdfescape 2011/04/04 v1.12 Provides string conversions (HO)
Package: bigintcalc 2011/01/30 v1.2 Expandable big integer calculations (HO)
Package: bitset 2011/01/30 v1.1 Data type bit set (HO)
Package: uniquecounter 2011/01/30 v1.2 Provides unlimited unique counter (HO)
)
Package hobsub Info: Skipping package `hobsub' (already loaded).
Package: letltxmacro 2010/09/02 v1.4 Let assignment for LaTeX macros (HO)
Package: hopatch 2011/01/30 v1.0 Wrapper for package hooks (HO)
Package: xcolor-patch 2011/01/30 xcolor patch
Package: atveryend 2011/04/23 v1.7 Hooks at very end of document (HO)
Package atveryend Info: \enddocument detected (standard).
Package: atbegshi 2011/01/30 v1.15 At begin shipout hook (HO)
Package: refcount 2010/12/01 v3.2 Data extraction from references (HO)
Package: hycolor 2011/01/30 v1.7 Color options of hyperref/bookmark (HO)
)
(/usr/local/texlive/2011/texmf-dist/tex/generic/ifxetex/ifxetex.sty
Package: ifxetex 2010/09/12 v0.6 Provides ifxetex conditional
)
(/usr/local/texlive/2011/texmf-dist/tex/latex/oberdiek/kvoptions.sty
Package: kvoptions 2010/12/23 v3.10 Keyval support for LaTeX options (HO)
)
\@linkdim=\dimen107
\Hy@linkcounter=\count97
\Hy@pagecounter=\count98

(/usr/local/texlive/2011/texmf-dist/tex/latex/hyperref/pd1enc.def
File: pd1enc.def 2011/04/17 v6.82g Hyperref: PDFDocEncoding definition (HO)
)
\Hy@SavedSpaceFactor=\count99

(/usr/local/texlive/2011/texmf-dist/tex/latex/latexconfig/hyperref.cfg
File: hyperref.cfg 2002/06/06 v1.2 hyperref configuration of TeXLive
)
Package hyperref Info: Hyper figures OFF on input line 4026.
Package hyperref Info: Link nesting OFF on input line 4031.
Package hyperref Info: Hyper index ON on input line 4034.
Package hyperref Info: Plain pages OFF on input line 4041.
Package hyperref Info: Backreferencing OFF on input line 4046.
Package hyperref Info: Implicit mode ON; LaTeX internals redefined.
Package hyperref Info: Bookmarks ON on input line 4264.
\c@Hy@tempcnt=\count100

(/usr/local/texlive/2011/texmf-dist/tex/latex/url/url.sty
\Urlmuskip=\muskip10
Package: url 2006/04/12  ver 3.3  Verb mode for urls, etc.
)
LaTeX Info: Redefining \url on input line 4617.
\Fld@menulength=\count101
\Field@Width=\dimen108
\Fld@charsize=\dimen109
Package hyperref Info: Hyper figures OFF on input line 5701.
Package hyperref Info: Link nesting OFF on input line 5706.
Package hyperref Info: Hyper index ON on input line 5709.
Package hyperref Info: backreferencing OFF on input line 5716.
Package hyperref Info: Link coloring OFF on input line 5721.
Package hyperref Info: Link coloring with OCG OFF on input line 5726.
Package hyperref Info: PDF/A mode OFF on input line 5731.
LaTeX Info: Redefining \ref on input line 5771.
LaTeX Info: Redefining \pageref on input line 5775.
\Hy@abspage=\count102
\c@Item=\count103
\c@Hfootnote=\count104
)

Package hyperref Message: Driver (autodetected): hpdftex.

(/usr/local/texlive/2011/texmf-dist/tex/latex/hyperref/hpdftex.def
File: hpdftex.def 2011/04/17 v6.82g Hyperref driver for pdfTeX
\Fld@listcount=\count105
\c@bookmark@seq@number=\count106

(/usr/local/texlive/2011/texmf-dist/tex/latex/oberdiek/rerunfilecheck.sty
Package: rerunfilecheck 2011/04/15 v1.7 Rerun checks for auxiliary files (HO)
Package uniquecounter Info: New unique counter `rerunfilecheck' on input line 2
82.
)
\Hy@SectionHShift=\skip46
)
(/usr/local/texlive/2011/texmf-dist/tex/latex/frankenstein/newclude.sty
Package: newclude 1999/11/02 v2 A new system for including files (Frankenstein'
s backbone)

(/usr/local/texlive/2011/texmf-dist/tex/latex/frankenstein/moredefs.sty
Package: moredefs 2001/08/31 v1.8 more defining commands (Frankenstein's brain)

\sc@toks@a=\toks17
\sc@toks@b=\toks18
)
\nc@toks@a=\toks19
\c@IncludeDepth=\count107
)
(/usr/local/texlive/2011/texmf-dist/tex/latex/frankenstein/tag.sto)
(/usr/local/texlive/2011/texmf-dist/tex/latex/enumitem/enumitem.sty
Package: enumitem 2009/05/18 v2.2 Customized lists
\enit@toks=\toks20
\labelindent=\skip47
\enit@outerparindent=\dimen110
\enitdp@desc=\count108
)
(/usr/local/texlive/2011/texmf-dist/tex/latex/caption/caption.sty
Package: caption 2010/01/09 v3.1m Customizing captions (AR)

(/usr/local/texlive/2011/texmf-dist/tex/latex/caption/caption3.sty
Package: caption3 2010/01/14 v3.1m caption3 kernel (AR)
\captionmargin=\dimen111
\captionmargin@=\dimen112
\captionwidth=\dimen113
\caption@indent=\dimen114
\caption@parindent=\dimen115
\caption@hangindent=\dimen116
Package caption Info: Unknown document class (or package),
(caption)             standard defaults will be used on input line 1084.
)

Package caption Warning: Unsupported document class (or package) detected,
(caption)                usage of the caption package is not recommended.
See the caption package documentation for explanation.

Package caption Info: \@makecaption = \long macro:#1#2->\vskip \abovecaptionski
p \sbox \@tempboxa {#1: #2}\ifdim \wd \@tempboxa >\hsize #1: #2\par \else \glob
al \@minipagefalse \hbox to\hsize {\hfil \box \@tempboxa \hfil }\fi \vskip \bel
owcaptionskip .
\c@ContinuedFloat=\count109
Package caption Info: hyperref package is loaded.
Package caption Info: wrapfig package is loaded.
) (/usr/local/texlive/2011/texmf-dist/tex/latex/caption/subcaption.sty
Package: subcaption 2008/08/31 v1.0b Adding subcaptions (AR)
\c@subfigure=\count110
\c@subtable=\count111
)
(/usr/local/texlive/2011/texmf-dist/tex/latex/listings/listings.sty
\lst@mode=\count112
\lst@gtempboxa=\box27
\lst@token=\toks21
\lst@length=\count113
\lst@currlwidth=\dimen117
\lst@column=\count114
\lst@pos=\count115
\lst@lostspace=\dimen118
\lst@width=\dimen119
\lst@newlines=\count116
\lst@lineno=\count117
\lst@maxwidth=\dimen120

(/usr/local/texlive/2011/texmf-dist/tex/latex/listings/lstmisc.sty
File: lstmisc.sty 2007/02/22 1.4 (Carsten Heinz)
\c@lstnumber=\count118
\lst@skipnumbers=\count119
\lst@framebox=\box28
)
(/usr/local/texlive/2011/texmf-dist/tex/latex/listings/listings.cfg
File: listings.cfg 2007/02/22 1.4 listings configuration
))
Package: listings 2007/02/22 1.4 (Carsten Heinz)

(/usr/local/texlive/2011/texmf-dist/tex/latex/xcolor/xcolor.sty
Package: xcolor 2007/01/21 v2.11 LaTeX color extensions (UK)

(/usr/local/texlive/2011/texmf-dist/tex/latex/latexconfig/color.cfg
File: color.cfg 2007/01/18 v1.5 color configuration of teTeX/TeXLive
)
Package xcolor Info: Driver file: pdftex.def on input line 225.
LaTeX Info: Redefining \color on input line 702.
Package xcolor Info: Model `cmy' substituted by `cmy0' on input line 1337.
Package xcolor Info: Model `hsb' substituted by `rgb' on input line 1341.
Package xcolor Info: Model `RGB' extended on input line 1353.
Package xcolor Info: Model `HTML' substituted by `rgb' on input line 1355.
Package xcolor Info: Model `Hsb' substituted by `hsb' on input line 1356.
Package xcolor Info: Model `tHsb' substituted by `hsb' on input line 1357.
Package xcolor Info: Model `HSB' substituted by `hsb' on input line 1358.
Package xcolor Info: Model `Gray' substituted by `gray' on input line 1359.
Package xcolor Info: Model `wave' substituted by `hsb' on input line 1360.
)
(/usr/local/texlive/2011/texmf-dist/tex/latex/base/textcomp.sty
Package: textcomp 2005/09/27 v1.99g Standard LaTeX package
Package textcomp Info: Sub-encoding information:
(textcomp)               5 = only ISO-Adobe without \textcurrency
(textcomp)               4 = 5 + \texteuro
(textcomp)               3 = 4 + \textohm
(textcomp)               2 = 3 + \textestimated + \textcurrency
(textcomp)               1 = TS1 - \textcircled - \t
(textcomp)               0 = TS1 (full)
(textcomp)             Font families with sub-encoding setting implement
(textcomp)             only a restricted character set as indicated.
(textcomp)             Family '?' is the default used for unknown fonts.
(textcomp)             See the documentation for details.
Package textcomp Info: Setting ? sub-encoding to TS1/1 on input line 71.

(/usr/local/texlive/2011/texmf-dist/tex/latex/base/ts1enc.def
File: ts1enc.def 2001/06/05 v3.0e (jk/car/fm) Standard LaTeX file
)
LaTeX Info: Redefining \oldstylenums on input line 266.
Package textcomp Info: Setting cmr sub-encoding to TS1/0 on input line 281.
Package textcomp Info: Setting cmss sub-encoding to TS1/0 on input line 282.
Package textcomp Info: Setting cmtt sub-encoding to TS1/0 on input line 283.
Package textcomp Info: Setting cmvtt sub-encoding to TS1/0 on input line 284.
Package textcomp Info: Setting cmbr sub-encoding to TS1/0 on input line 285.
Package textcomp Info: Setting cmtl sub-encoding to TS1/0 on input line 286.
Package textcomp Info: Setting ccr sub-encoding to TS1/0 on input line 287.
Package textcomp Info: Setting ptm sub-encoding to TS1/4 on input line 288.
Package textcomp Info: Setting pcr sub-encoding to TS1/4 on input line 289.
Package textcomp Info: Setting phv sub-encoding to TS1/4 on input line 290.
Package textcomp Info: Setting ppl sub-encoding to TS1/3 on input line 291.
Package textcomp Info: Setting pag sub-encoding to TS1/4 on input line 292.
Package textcomp Info: Setting pbk sub-encoding to TS1/4 on input line 293.
Package textcomp Info: Setting pnc sub-encoding to TS1/4 on input line 294.
Package textcomp Info: Setting pzc sub-encoding to TS1/4 on input line 295.
Package textcomp Info: Setting bch sub-encoding to TS1/4 on input line 296.
Package textcomp Info: Setting put sub-encoding to TS1/5 on input line 297.
Package textcomp Info: Setting uag sub-encoding to TS1/5 on input line 298.
Package textcomp Info: Setting ugq sub-encoding to TS1/5 on input line 299.
Package textcomp Info: Setting ul8 sub-encoding to TS1/4 on input line 300.
Package textcomp Info: Setting ul9 sub-encoding to TS1/4 on input line 301.
Package textcomp Info: Setting augie sub-encoding to TS1/5 on input line 302.
Package textcomp Info: Setting dayrom sub-encoding to TS1/3 on input line 303.
Package textcomp Info: Setting dayroms sub-encoding to TS1/3 on input line 304.

Package textcomp Info: Setting pxr sub-encoding to TS1/0 on input line 305.
Package textcomp Info: Setting pxss sub-encoding to TS1/0 on input line 306.
Package textcomp Info: Setting pxtt sub-encoding to TS1/0 on input line 307.
Package textcomp Info: Setting txr sub-encoding to TS1/0 on input line 308.
Package textcomp Info: Setting txss sub-encoding to TS1/0 on input line 309.
Package textcomp Info: Setting txtt sub-encoding to TS1/0 on input line 310.
Package textcomp Info: Setting futs sub-encoding to TS1/4 on input line 311.
Package textcomp Info: Setting futx sub-encoding to TS1/4 on input line 312.
Package textcomp Info: Setting futj sub-encoding to TS1/4 on input line 313.
Package textcomp Info: Setting hlh sub-encoding to TS1/3 on input line 314.
Package textcomp Info: Setting hls sub-encoding to TS1/3 on input line 315.
Package textcomp Info: Setting hlst sub-encoding to TS1/3 on input line 316.
Package textcomp Info: Setting hlct sub-encoding to TS1/5 on input line 317.
Package textcomp Info: Setting hlx sub-encoding to TS1/5 on input line 318.
Package textcomp Info: Setting hlce sub-encoding to TS1/5 on input line 319.
Package textcomp Info: Setting hlcn sub-encoding to TS1/5 on input line 320.
Package textcomp Info: Setting hlcw sub-encoding to TS1/5 on input line 321.
Package textcomp Info: Setting hlcf sub-encoding to TS1/5 on input line 322.
Package textcomp Info: Setting pplx sub-encoding to TS1/3 on input line 323.
Package textcomp Info: Setting pplj sub-encoding to TS1/3 on input line 324.
Package textcomp Info: Setting ptmx sub-encoding to TS1/4 on input line 325.
Package textcomp Info: Setting ptmj sub-encoding to TS1/4 on input line 326.
) (./thesis.aux

LaTeX Warning: Label `sub:implementation' multiply defined.


LaTeX Warning: Label `tbl:GCC_perf' multiply defined.

)
\openout1 = `thesis.aux'.

LaTeX Font Info:    Checking defaults for OML/cmm/m/it on input line 280.
LaTeX Font Info:    ... okay on input line 280.
LaTeX Font Info:    Checking defaults for T1/cmr/m/n on input line 280.
LaTeX Font Info:    ... okay on input line 280.
LaTeX Font Info:    Checking defaults for OT1/cmr/m/n on input line 280.
LaTeX Font Info:    ... okay on input line 280.
LaTeX Font Info:    Checking defaults for OMS/cmsy/m/n on input line 280.
LaTeX Font Info:    ... okay on input line 280.
LaTeX Font Info:    Checking defaults for OMX/cmex/m/n on input line 280.
LaTeX Font Info:    ... okay on input line 280.
LaTeX Font Info:    Checking defaults for U/cmr/m/n on input line 280.
LaTeX Font Info:    ... okay on input line 280.
LaTeX Font Info:    Checking defaults for PD1/pdf/m/n on input line 280.
LaTeX Font Info:    ... okay on input line 280.
LaTeX Font Info:    Checking defaults for TS1/cmr/m/n on input line 280.
LaTeX Font Info:    Try loading font information for TS1+cmr on input line 280.

 (/usr/local/texlive/2011/texmf-dist/tex/latex/base/ts1cmr.fd
File: ts1cmr.fd 1999/05/25 v2.5h Standard LaTeX font definitions
)
LaTeX Font Info:    ... okay on input line 280.

(/usr/local/texlive/2011/texmf-dist/tex/context/base/supp-pdf.mkii
[Loading MPS to PDF converter (version 2006.09.02).]
\scratchcounter=\count120
\scratchdimen=\dimen121
\scratchbox=\box29
\nofMPsegments=\count121
\nofMParguments=\count122
\everyMPshowfont=\toks22
\MPscratchCnt=\count123
\MPscratchDim=\dimen122
\MPnumerator=\count124
\makeMPintoPDFobject=\count125
\everyMPtoPDFconversion=\toks23
) (/usr/local/texlive/2011/texmf-dist/tex/latex/oberdiek/epstopdf-base.sty
Package: epstopdf-base 2010/02/09 v2.5 Base part for package epstopdf

(/usr/local/texlive/2011/texmf-dist/tex/latex/oberdiek/grfext.sty
Package: grfext 2010/08/19 v1.1 Managing graphics extensions (HO)
)
Package grfext Info: Graphics extension search list:
(grfext)             [.png,.pdf,.jpg,.mps,.jpeg,.jbig2,.jb2,.PNG,.PDF,.JPG,.JPE
G,.JBIG2,.JB2,.eps]
(grfext)             \AppendGraphicsExtensions on input line 452.

(/usr/local/texlive/2011/texmf-dist/tex/latex/latexconfig/epstopdf-sys.cfg
File: epstopdf-sys.cfg 2010/07/13 v1.3 Configuration of (r)epstopdf for TeX Liv
e
))
\AtBeginShipoutBox=\box30
Package hyperref Info: Link coloring OFF on input line 280.

(/usr/local/texlive/2011/texmf-dist/tex/latex/hyperref/nameref.sty
Package: nameref 2010/04/30 v2.40 Cross-referencing by name of section

(/usr/local/texlive/2011/texmf-dist/tex/generic/oberdiek/gettitlestring.sty
Package: gettitlestring 2010/12/03 v1.4 Cleanup title references (HO)
)
\c@section@level=\count126
)
LaTeX Info: Redefining \ref on input line 280.
LaTeX Info: Redefining \pageref on input line 280.
LaTeX Info: Redefining \nameref on input line 280.

(./thesis.out) (./thesis.out)
\@outlinefile=\write3
\openout3 = `thesis.out'.

Package caption Info: Begin \AtBeginDocument code.
Package caption Info: listings package is loaded.
Package caption Info: End \AtBeginDocument code.
\c@lstlisting=\count127
 (./0_template/cover.tex
<0_template/fig/CE_conv.png, id=280, 770.88pt x 753.81625pt>
File: 0_template/fig/CE_conv.png Graphic file (type png)

<use 0_template/fig/CE_conv.png>
Package pdftex.def Info: 0_template/fig/CE_conv.png used on input line 25.
(pdftex.def)             Requested size: 128.0374pt x 125.20247pt.
LaTeX Font Info:    External font `cmex10' loaded for size
(Font)              <10.95> on input line 25.
LaTeX Font Info:    External font `cmex10' loaded for size
(Font)              <8> on input line 25.
LaTeX Font Info:    External font `cmex10' loaded for size
(Font)              <6> on input line 25.

Overfull \hbox (44.1303pt too wide) in paragraph at lines 15--26
[]|  $[]$ 
 []

LaTeX Font Info:    External font `cmex10' loaded for size
(Font)              <20.74> on input line 38.
LaTeX Font Info:    External font `cmex10' loaded for size
(Font)              <14.4> on input line 38.
LaTeX Font Info:    External font `cmex10' loaded for size
(Font)              <12> on input line 38.

Overfull \hbox (29.90347pt too wide) in paragraph at lines 29--40
[]|  $[]$ 
 []

<0_template/fig/TUDelft_conv.png, id=281, 513.92pt x 241.90375pt>
File: 0_template/fig/TUDelft_conv.png Graphic file (type png)

<use 0_template/fig/TUDelft_conv.png>
Package pdftex.def Info: 0_template/fig/TUDelft_conv.png used on input line 54.

(pdftex.def)             Requested size: 113.81102pt x 53.56964pt.

Overfull \hbox (13.81425pt too wide) in paragraph at lines 54--54
[][]  [] 
 []


Overfull \hbox (27.05846pt too wide) in paragraph at lines 50--55
[]|  $[]$ 
 []

(./0_template/abstract.tex))
Overfull \hbox (24.21301pt too wide) in paragraph at lines 57--289
[]|  $[]$
 []

[1


{/usr/local/texlive/2011/texmf-var/fonts/map/pdftex/updmap/pdftex.map} <./0_tem
plate/fig/CE_conv.png (PNG copy)> <./0_template/fig/TUDelft_conv.png>]
[0


]
Overfull \hbox (7.62512pt too wide) in paragraph at lines 304--304
 [][] 
 []

pdfTeX warning (ext4): destination with the same identifier (name{page.}) has b
een already used, duplicate ignored
<to be read again> 
                   \relax 
l.304 
       [0]pdfTeX warning (ext4): destination with the same identifier (name{pag
e.}) has been already used, duplicate ignored
<to be read again> 
                   \relax 
l.305 \setcounter{page}{0} \cleardoublepage
                                            [0

] (./0_template/front.tex
(./0_template/abstract.tex
LaTeX Font Info:    External font `cmex10' loaded for size
(Font)              <7> on input line 1.
LaTeX Font Info:    External font `cmex10' loaded for size
(Font)              <5> on input line 1.
)
Underfull \hbox (badness 10000) in paragraph at lines 67--67

 []


Underfull \hbox (badness 10000) in paragraph at lines 67--67

 []


Underfull \hbox (badness 10000) in paragraph at lines 67--67

 []


Underfull \hbox (badness 10000) in paragraph at lines 67--67

 []

)pdfTeX warning (ext4): destination with the same identifier (name{page.i}) has
 been already used, duplicate ignored
<to be read again> 
                   \relax 
l.314 \cleardoublepage
                       [1


] [2


] [3] [4

] (./thesis.toc [5])
\tf@toc=\write4
\openout4 = `thesis.toc'.

 [6] (./thesis.lof)
\tf@lof=\write5
\openout5 = `thesis.lof'.


[7


] [8


] (./thesis.lot)
\tf@lot=\write6
\openout6 = `thesis.lot'.

 [9] (./0_template/acronym.tex [10


]) [11]
(./0_template/ack.tex [12


]
Missing character: There is no √ in font cmr10!
Missing character: There is no ´ in font cmr10!
) [13] [14


] (./1_introduction/index.tex
Chapter 1.
<1_introduction/img/MIPS_pipe.png, id=489, 632.6034pt x 291.489pt>
File: 1_introduction/img/MIPS_pipe.png Graphic file (type png)

<use 1_introduction/img/MIPS_pipe.png>
Package pdftex.def Info: 1_introduction/img/MIPS_pipe.png used on input line 16
.
(pdftex.def)             Requested size: 335.33424pt x 154.5151pt.
 [1

 <./1_introduction/img/MIPS_pipe.png>] (./version.txt) [2]
Underfull \hbox (badness 10000) in paragraph at lines 38--40

 []

(./version.txt) [3] (./version.txt) [4]) (./2_background/index.tex
(./version.txt) [5] (./version.txt) [6

]
Chapter 2.
Missing character: There is no ‚ in font cmr10!
Missing character: There is no Ä in font cmr10!
Missing character: There is no ô in font cmr10!
<2_background/img/rvex_arch.png, id=543, 1656.1875pt x 1543.7675pt>
File: 2_background/img/rvex_arch.png Graphic file (type png)

<use 2_background/img/rvex_arch.png>
Package pdftex.def Info: 2_background/img/rvex_arch.png used on input line 15.
(pdftex.def)             Requested size: 335.33424pt x 312.56409pt.
 [7]
<2_background/img/Instructions.png, id=552, 1295.84125pt x 632.3625pt>
File: 2_background/img/Instructions.png Graphic file (type png)

<use 2_background/img/Instructions.png>
Package pdftex.def Info: 2_background/img/Instructions.png used on input line 3
9.
(pdftex.def)             Requested size: 335.33424pt x 163.63844pt.
 (./version.txt) [8 <./2_background/img/rvex_arch.png (PNG copy)>]
Missing character: There is no ‚ in font cmr10!
Missing character: There is no Ä in font cmr10!
Missing character: There is no ú in font cmr10!
Missing character: There is no ‚ in font cmr10!
Missing character: There is no Ä in font cmr10!
Missing character: There is no ù in font cmr10!
 (./version.txt) [9 <./2_background/img/Instructions.png>]
LaTeX Font Info:    Try loading font information for TS1+cmtt on input line 74.

 (/usr/local/texlive/2011/texmf-dist/tex/latex/base/ts1cmtt.fd
File: ts1cmtt.fd 1999/05/25 v2.5h Standard LaTeX font definitions
)
Overfull \hbox (22.4208pt too wide) in paragraph at lines 71--88
 [][] 
 []

<2_background/img/Basic_compiler.png, id=565, 978.65625pt x 225.84375pt>
File: 2_background/img/Basic_compiler.png Graphic file (type png)

<use 2_background/img/Basic_compiler.png>
Package pdftex.def Info: 2_background/img/Basic_compiler.png used on input line
 97.
(pdftex.def)             Requested size: 335.33424pt x 77.38547pt.
 (./version.txt) [10 <./2_background/img/Basic_compiler.png (PNG copy)>] (./ver
sion.txt) [11]
(/usr/local/texlive/2011/texmf-dist/tex/latex/listings/lstlang1.sty
File: lstlang1.sty 2004/09/05 1.3 listings language file
)
(/usr/local/texlive/2011/texmf-dist/tex/latex/listings/lstmisc.sty
File: lstmisc.sty 2007/02/22 1.4 (Carsten Heinz)
)
Package hyperref Info: bookmark level for unknown lstlisting defaults to 0 on i
nput line 135.

(./version.txt) [12]
<2_background/img/Codegen.png, id=625, 2146.0175pt x 526.96875pt>
File: 2_background/img/Codegen.png Graphic file (type png)

<use 2_background/img/Codegen.png>
Package pdftex.def Info: 2_background/img/Codegen.png used on input line 188.
(pdftex.def)             Requested size: 335.33424pt x 82.33865pt.

Underfull \hbox (badness 5245) in paragraph at lines 199--200
[]\OT1/cmr/m/n/10.95 Multiple MBB are used to cre-ate a \OT1/cmtt/m/n/10.95 Mac
hineFunction \OT1/cmr/m/n/10.95 in-stance. The
 []

(./version.txt) [13 <./2_background/img/Codegen.png (PNG copy)>])
(./3_implementation/index.tex (./version.txt) [14]
Chapter 3.

Underfull \hbox (badness 1448) in paragraph at lines 33--34
[]\OT1/cmr/m/n/10.95 The fol-low-ing code shows how to de-fine in-struc-tions t
hat in-herit from the
 []

[15

] <3_implementation/img/instr.png, id=656, 1656.1875pt x 828.09375pt>
File: 3_implementation/img/instr.png Graphic file (type png)

<use 3_implementation/img/instr.png>
Package pdftex.def Info: 3_implementation/img/instr.png used on input line 43.
(pdftex.def)             Requested size: 335.33424pt x 167.6628pt.
 (./version.txt) [16 <./3_implementation/img/instr.png (PNG copy)>] (./version.
txt) [17] (./version.txt) [18]
(./version.txt) [19] (./version.txt) [20] (./version.txt) [21]
(/usr/local/texlive/2011/texmf-dist/tex/latex/listings/lstlang1.sty
File: lstlang1.sty 2004/09/05 1.3 listings language file
)
LaTeX Font Info:    Try loading font information for OML+cmtt on input line 265
.
LaTeX Font Info:    No file OMLcmtt.fd. on input line 265.


LaTeX Font Warning: Font shape `OML/cmtt/m/n' undefined
(Font)              using `OML/cmm/m/it' instead
(Font)              for symbol `textless' on input line 265.

(./version.txt) [22] (./version.txt) [23] (./version.txt) [24] (./version.txt)
[25]) (./4_optimization/index.tex (./version.txt) [26]
Chapter 4.
[27

] (/usr/local/texlive/2011/texmf-dist/tex/latex/listings/lstlang1.sty
File: lstlang1.sty 2004/09/05 1.3 listings language file
)
(./version.txt) [28]
Underfull \hbox (badness 10000) in paragraph at lines 124--125
[]\OT1/cmr/m/n/10.95 In ad-di-tion LLVM hooks for \OT1/cmtt/m/n/10.95 insertbra
nch\OT1/cmr/m/n/10.95 , \OT1/cmtt/m/n/10.95 removebranch \OT1/cmr/m/n/10.95 and

 []


Underfull \hbox (badness 1655) in paragraph at lines 124--125
\OT1/cmtt/m/n/10.95 ReverseBranchCondition \OT1/cmr/m/n/10.95 have been im-ple-
mented that al-low the Branch-Fold-ing
 []

(./version.txt
LaTeX Info: Active EOL character found while output routine is active 
            This may be a bug in a package file you are using.
) [29] (./version.txt
LaTeX Info: Active EOL character found while output routine is active 
            This may be a bug in a package file you are using.
) [30] (./version.txt) [31] (./version.txt)
[32]) (./5_results/index.tex (./version.txt) [33] (./version.txt) [34

]
Chapter 5.
[35] <5_results/img/testbench.png, id=980, 903.375pt x 526.96875pt>
File: 5_results/img/testbench.png Graphic file (type png)

<use 5_results/img/testbench.png>
Package pdftex.def Info: 5_results/img/testbench.png used on input line 29.
(pdftex.def)             Requested size: 335.33424pt x 195.61061pt.
 (./version.txt) [36 <./5_results/img/testbench.png (PNG copy)>] (./version.txt
) [37]
<5_results/img/abs_perf.png, id=998, 621.522pt x 335.8146pt>
File: 5_results/img/abs_perf.png Graphic file (type png)

<use 5_results/img/abs_perf.png>
Package pdftex.def Info: 5_results/img/abs_perf.png used on input line 109.
(pdftex.def)             Requested size: 335.33424pt x 181.18858pt.

<5_results/img/rel_issue.png, id=999, 574.3056pt x 321.8424pt>
File: 5_results/img/rel_issue.png Graphic file (type png)

<use 5_results/img/rel_issue.png>
Package pdftex.def Info: 5_results/img/rel_issue.png used on input line 116.
(pdftex.def)             Requested size: 335.33424pt x 187.92592pt.

<5_results/img/rel_HP.png, id=1001, 775.2162pt x 404.2302pt>
File: 5_results/img/rel_HP.png Graphic file (type png)

<use 5_results/img/rel_HP.png>
Package pdftex.def Info: 5_results/img/rel_HP.png used on input line 126.
(pdftex.def)             Requested size: 335.33424pt x 174.85799pt.
 (./version.txt) [38]
<5_results/img/rel_GCC.png, id=1031, 534.3162pt x 343.0416pt>
File: 5_results/img/rel_GCC.png Graphic file (type png)

<use 5_results/img/rel_GCC.png>
Package pdftex.def Info: 5_results/img/rel_GCC.png used on input line 135.
(pdftex.def)             Requested size: 335.33424pt x 215.2903pt.

<5_results/img/rel_gen.png, id=1033, 620.5584pt x 372.9132pt>
File: 5_results/img/rel_gen.png Graphic file (type png)

<use 5_results/img/rel_gen.png>
Package pdftex.def Info: 5_results/img/rel_gen.png used on input line 206.
(pdftex.def)             Requested size: 335.33424pt x 201.51807pt.
 (./version.txt) [39 <./5_results/img/abs_perf.png> <./5_results/img/rel_issue.
png>]
Underfull \vbox (badness 1226) has occurred while \output is active []


(./version.txt) [40 <./5_results/img/rel_HP.png> <./5_results/img/rel_GCC.png>]
(./version.txt) [41] (./version.txt) [42 <./5_results/img/rel_gen.png>])
(./6_conclusion/index.tex (./version.txt) [43] (./version.txt) [44

]
Chapter 6.
[45] (./version.txt) [46]) (./version.txt) [47] (./version.txt) [48

]
(./thesis.bbl
Missing character: There is no œ in font cmr10!
Missing character: There is no Å in font cmr10!
) [49

] (./version.txt) [50

] (./appendix/dictionary.tex) [51


]
(./version.txt) [52


] (./appendix/appendixA.tex
Appendix A.
) [53


] (./appendix/appendixB.tex (./version.txt) [54



]
Appendix B.
) [55]
Package atveryend Info: Empty hook `BeforeClearDocument' on input line 393.
Package atveryend Info: Empty hook `AfterLastShipout' on input line 393.
 (./thesis.aux)
Package atveryend Info: Executing hook `AtVeryEndDocument' on input line 393.
Package atveryend Info: Executing hook `AtEndAfterFileList' on input line 393.
Package rerunfilecheck Info: File `thesis.out' has not changed.
(rerunfilecheck)             Checksum: E5A0BD84EC732780A1884A59BCDA5F3F;4355.


LaTeX Font Warning: Some font shapes were not available, defaults substituted.


LaTeX Warning: There were multiply-defined labels.

Package atveryend Info: Empty hook `AtVeryVeryEnd' on input line 393.
 ) 
Here is how much of TeX's memory you used:
 10381 strings out of 493633
 153114 string characters out of 3143378
 456037 words of memory out of 3000000
 12912 multiletter control sequences out of 15000+200000
 14904 words of font info for 52 fonts, out of 3000000 for 9000
 831 hyphenation exceptions out of 8191
 36i,10n,51p,823b,1762s stack positions out of 5000i,500n,10000p,200000b,50000s
pdfTeX warning (dest): name{cite.Jeff-Scott:1998fj} has been referenced but d
oes not exist, replaced by a fixed one

pdfTeX warning (dest): name{cite.Anthony-Brandon:2013jk} has been referenced bu
t does not exist, replaced by a fixed one

pdfTeX warning (dest): name{cite.llvm:presentation} has been referenced but doe
s not exist, replaced by a fixed one

pdfTeX warning (dest): name{cite.clang:features} has been referenced but does n
ot exist, replaced by a fixed one

pdfTeX warning (dest): name{cite.Seedorf:2011fj} has been referenced but does n
ot exist, replaced by a fixed one

pdfTeX warning (dest): name{cite.Joseph-A.-Fisher:2005cr} has been referenced b
ut does not exist, replaced by a fixed one

pdfTeX warning (dest): name{cite.Lowney:1993qy} has been referenced but does no
t exist, replaced by a fixed one

pdfTeX warning (dest): name{cite.Fisher:1983:VLI:1067651.801649} has been refer
enced but does not exist, replaced by a fixed one

pdfTeX warning (dest): name{cite.Wall:1993xy} has been referenced but does not 
exist, replaced by a fixed one

pdfTeX warning (dest): name{cite.John-L.-Hennessy:2012bs} has been referenced b
ut does not exist, replaced by a fixed one

pdfTeX warning (dest): name{cite.854391} has been referenced but does not exist
, replaced by a fixed one

pdfTeX warning (dest): name{cite.As:2008rt} has been referenced but does not ex
ist, replaced by a fixed one

pdfTeX warning (dest): name{cite.Joseph-A.-Fisher:2012rm} has been referenced b
ut does not exist, replaced by a fixed one

pdfTeX warning (dest): name{cite.John-L.-Hennessy:2009wq} has been referenced b
ut does not exist, replaced by a fixed one

{/usr/local/texlive/2011/texmf-dist/fonts/enc/dvips/cm-super/cm-super-ts1.enc}<
/usr/local/texlive/2011/texmf-dist/fonts/type1/public/amsfonts/cm/cmbx10.pfb></
usr/local/texlive/2011/texmf-dist/fonts/type1/public/amsfonts/cm/cmbx12.pfb></u
sr/local/texlive/2011/texmf-dist/fonts/type1/public/amsfonts/cm/cmmi10.pfb></us
r/local/texlive/2011/texmf-dist/fonts/type1/public/amsfonts/cm/cmmi12.pfb></usr
/local/texlive/2011/texmf-dist/fonts/type1/public/amsfonts/cm/cmmi8.pfb></usr/l
ocal/texlive/2011/texmf-dist/fonts/type1/public/amsfonts/cm/cmr10.pfb></usr/loc
al/texlive/2011/texmf-dist/fonts/type1/public/amsfonts/cm/cmr12.pfb></usr/local
/texlive/2011/texmf-dist/fonts/type1/public/amsfonts/cm/cmr17.pfb></usr/local/t
exlive/2011/texmf-dist/fonts/type1/public/amsfonts/cm/cmr9.pfb></usr/local/texl
ive/2011/texmf-dist/fonts/type1/public/amsfonts/cm/cmsl10.pfb></usr/local/texli
ve/2011/texmf-dist/fonts/type1/public/amsfonts/cm/cmsy10.pfb></usr/local/texliv
e/2011/texmf-dist/fonts/type1/public/amsfonts/cm/cmsy8.pfb></usr/local/texlive/
2011/texmf-dist/fonts/type1/public/amsfonts/cm/cmti10.pfb></usr/local/texlive/2
011/texmf-dist/fonts/type1/public/amsfonts/cm/cmti12.pfb></usr/local/texlive/20
11/texmf-dist/fonts/type1/public/amsfonts/cm/cmtt10.pfb></usr/local/texlive/201
1/texmf-dist/fonts/type1/public/amsfonts/cm/cmtt8.pfb></usr/local/texlive/2011/
texmf-dist/fonts/type1/public/cm-super/sftt0800.pfb></usr/local/texlive/2011/te
xmf-dist/fonts/type1/public/cm-super/sftt1095.pfb>
Output written on thesis.pdf (73 pages, 1556628 bytes).
PDF statistics:
 1301 PDF objects out of 1440 (max. 8388607)
 1173 compressed objects within 12 object streams
 501 named destinations out of 1000 (max. 500000)
 623 words of extra memory for PDF output out of 10000 (max. 10000000)

